app/build/intermediates/manifest_merge_blame_file/debug/processDebugMainManifest/manifest-merger-blame-debug-report.txt
1<?xml version="1.0" encoding="utf-8"?>
2<manifest xmlns:android="http://schemas.android.com/apk/res/android"
3    package="com.pscholer.autoplayer.debug"
4    android:versionCode="1"
5    android:versionName="1.0" >
6
7    <uses-sdk
8        android:minSdkVersion="29"
9        android:targetSdkVersion="35" />
10
11    <!-- ── Storage ─────────────────────────────────────────────────────── -->
12    <uses-permission
12-->src\main\AndroidManifest.xml:5:5-6:38
13        android:name="android.permission.READ_EXTERNAL_STORAGE"
13-->src\main\AndroidManifest.xml:5:22-77
14        android:maxSdkVersion="32" />
14-->src\main\AndroidManifest.xml:6:9-35
15    <uses-permission android:name="android.permission.READ_MEDIA_VIDEO" />
15-->src\main\AndroidManifest.xml:7:5-75
15-->src\main\AndroidManifest.xml:7:22-72
16    <uses-permission android:name="android.permission.READ_MEDIA_IMAGES" />
16-->src\main\AndroidManifest.xml:8:5-76
16-->src\main\AndroidManifest.xml:8:22-73
17
18    <!-- ── Network ─────────────────────────────────────────────────────── -->
19    <uses-permission android:name="android.permission.INTERNET" />
19-->src\main\AndroidManifest.xml:11:5-67
19-->src\main\AndroidManifest.xml:11:22-64
20    <uses-permission android:name="android.permission.ACCESS_NETWORK_STATE" />
20-->src\main\AndroidManifest.xml:12:5-79
20-->src\main\AndroidManifest.xml:12:22-76
21
22    <!-- ── Playback service ─────────────────────────────────────────────── -->
23    <uses-permission android:name="android.permission.FOREGROUND_SERVICE" />
23-->src\main\AndroidManifest.xml:15:5-77
23-->src\main\AndroidManifest.xml:15:22-74
24    <uses-permission android:name="android.permission.FOREGROUND_SERVICE_MEDIA_PLAYBACK" />
24-->src\main\AndroidManifest.xml:16:5-92
24-->src\main\AndroidManifest.xml:16:22-89
25    <uses-permission android:name="android.permission.WAKE_LOCK" />
25-->src\main\AndroidManifest.xml:17:5-68
25-->src\main\AndroidManifest.xml:17:22-65
26
27    <!--
28        ACCESS_SURFACE: grants the app access to the car display's Surface object.
29        Without this the SurfaceCallback fires but getSurface() returns null.
30        This is the single most critical permission for video-on-Android-Auto.
31    -->
32    <uses-permission android:name="androidx.car.app.ACCESS_SURFACE" />
32-->src\main\AndroidManifest.xml:24:5-71
32-->src\main\AndroidManifest.xml:24:22-68
33    <uses-permission android:name="androidx.car.app.NAVIGATION_TEMPLATES" />
33-->src\main\AndroidManifest.xml:25:5-77
33-->src\main\AndroidManifest.xml:25:22-74
34
35    <!-- Declares a default attribution tag to avoid AppOps warnings during media playback -->
36    <attribution
36-->src\main\AndroidManifest.xml:28:5-30:44
37        android:label="@string/app_name"
37-->src\main\AndroidManifest.xml:30:9-41
38        android:tag="media_playback" />
38-->src\main\AndroidManifest.xml:29:9-37
39
40    <queries>
40-->[androidx.car.app:app:1.7.0] AndroidManifest.xml:23:5-28:15
41        <provider
41-->[androidx.car.app:app:1.7.0] AndroidManifest.xml:24:9-27:43
42            android:name="androidx.car.app.connection.provider"
42-->[androidx.car.app:app:1.7.0] AndroidManifest.xml:25:13-64
43            android:authorities="androidx.car.app.connection" />
43-->[androidx.car.app:app:1.7.0] AndroidManifest.xml:26:13-62
44    </queries>
45
46    <permission
46-->[androidx.core:core:1.15.0] AndroidManifest.xml:22:5-24:47
47        android:name="com.pscholer.autoplayer.debug.DYNAMIC_RECEIVER_NOT_EXPORTED_PERMISSION"
47-->[androidx.core:core:1.15.0] AndroidManifest.xml:23:9-81
48        android:protectionLevel="signature" />
48-->[androidx.core:core:1.15.0] AndroidManifest.xml:24:9-44
49
50    <uses-permission android:name="com.pscholer.autoplayer.debug.DYNAMIC_RECEIVER_NOT_EXPORTED_PERMISSION" />
50-->[androidx.core:core:1.15.0] AndroidManifest.xml:26:5-97
50-->[androidx.core:core:1.15.0] AndroidManifest.xml:26:22-94
51
52    <application
52-->src\main\AndroidManifest.xml:32:5-88:19
53        android:name="com.pscholer.autoplayer.AutoPlayerApp"
53-->src\main\AndroidManifest.xml:33:9-38
54        android:allowBackup="true"
54-->src\main\AndroidManifest.xml:34:9-35
55        android:appComponentFactory="androidx.core.app.CoreComponentFactory"
55-->[androidx.core:core:1.15.0] AndroidManifest.xml:28:18-86
56        android:debuggable="true"
57        android:extractNativeLibs="false"
58        android:icon="@mipmap/ic_launcher"
58-->src\main\AndroidManifest.xml:35:9-43
59        android:label="@string/app_name"
59-->src\main\AndroidManifest.xml:36:9-41
60        android:networkSecurityConfig="@xml/network_security_config"
60-->src\main\AndroidManifest.xml:40:9-69
61        android:roundIcon="@mipmap/ic_launcher_round"
61-->src\main\AndroidManifest.xml:37:9-54
62        android:supportsRtl="true"
62-->src\main\AndroidManifest.xml:38:9-35
63        android:testOnly="true"
64        android:theme="@style/Theme.AutoPlayer" >
64-->src\main\AndroidManifest.xml:39:9-48
65
66        <!-- Phone-side configuration UI (launcher entry point) -->
67        <activity
67-->src\main\AndroidManifest.xml:43:9-51:20
68            android:name="com.pscholer.autoplayer.SettingsActivity"
68-->src\main\AndroidManifest.xml:44:13-45
69            android:exported="true"
69-->src\main\AndroidManifest.xml:45:13-36
70            android:label="Auto Player" >
70-->src\main\AndroidManifest.xml:46:13-40
71            <intent-filter>
71-->src\main\AndroidManifest.xml:47:13-50:29
72                <action android:name="android.intent.action.MAIN" />
72-->src\main\AndroidManifest.xml:48:17-69
72-->src\main\AndroidManifest.xml:48:25-66
73
74                <category android:name="android.intent.category.LAUNCHER" />
74-->src\main\AndroidManifest.xml:49:17-77
74-->src\main\AndroidManifest.xml:49:27-74
75            </intent-filter>
76        </activity>
77
78        <!--
79            CarAppService — the Android Auto entry point.
80
81            Category NAVIGATION is used (not MEDIA) because:
82            1. Navigation apps receive full-screen SurfaceContainer access.
83            2. MEDIA apps are sandboxed into the AA media browser UI.
84            3. Fermata Auto and similar sideloaded video players use this trick.
85
86            For a Play Store build you would need to switch to MEDIA and accept
87            the standard media-browser restrictions.
88        -->
89        <service
89-->src\main\AndroidManifest.xml:64:9-72:19
90            android:name="com.pscholer.autoplayer.service.AutoMediaService"
90-->src\main\AndroidManifest.xml:65:13-53
91            android:exported="true"
91-->src\main\AndroidManifest.xml:66:13-36
92            android:foregroundServiceType="mediaPlayback" >
92-->src\main\AndroidManifest.xml:67:13-58
93            <intent-filter>
93-->src\main\AndroidManifest.xml:68:13-71:29
94                <action android:name="androidx.car.app.CarAppService" />
94-->src\main\AndroidManifest.xml:69:17-73
94-->src\main\AndroidManifest.xml:69:25-70
95
96                <category android:name="androidx.car.app.category.NAVIGATION" />
96-->src\main\AndroidManifest.xml:70:17-81
96-->src\main\AndroidManifest.xml:70:27-78
97            </intent-filter>
98        </service>
99
100        <!-- Tells the AA host which car features this app uses -->
101        <meta-data
101-->src\main\AndroidManifest.xml:75:9-77:59
102            android:name="com.google.android.gms.car.application"
102-->src\main\AndroidManifest.xml:76:13-66
103            android:resource="@xml/automotive_app_desc" />
103-->src\main\AndroidManifest.xml:77:13-56
104
105        <!--
106            Minimum Car App API level.
107            Level 2 introduced SurfaceCallback / SurfaceContainer.
108            Required for video surface access.
109        -->
110        <meta-data
110-->src\main\AndroidManifest.xml:84:9-86:33
111            android:name="androidx.car.app.minCarApiLevel"
111-->src\main\AndroidManifest.xml:85:13-59
112            android:value="2" />
112-->src\main\AndroidManifest.xml:86:13-30
113
114        <service
114-->[androidx.car.app:app-projected:1.7.0] AndroidManifest.xml:24:9-34:19
115            android:name="androidx.car.app.CarAppMetadataHolderService"
115-->[androidx.car.app:app-projected:1.7.0] AndroidManifest.xml:25:13-72
116            android:enabled="false"
116-->[androidx.car.app:app-projected:1.7.0] AndroidManifest.xml:26:13-36
117            android:exported="false"
117-->[androidx.car.app:app-projected:1.7.0] AndroidManifest.xml:27:13-37
118            android:process="" >
118-->[androidx.car.app:app-projected:1.7.0] AndroidManifest.xml:28:13-31
119            <meta-data
119-->[androidx.car.app:app-projected:1.7.0] AndroidManifest.xml:31:13-33:89
120                android:name="androidx.car.app.CarAppMetadataHolderService.CAR_HARDWARE_MANAGER"
120-->[androidx.car.app:app-projected:1.7.0] AndroidManifest.xml:32:17-97
121                android:value="androidx.car.app.hardware.ProjectedCarHardwareManager" />
121-->[androidx.car.app:app-projected:1.7.0] AndroidManifest.xml:33:17-86
122        </service>
123
124        <activity
124-->[androidx.car.app:app:1.7.0] AndroidManifest.xml:31:9-34:75
125            android:name="androidx.car.app.CarAppPermissionActivity"
125-->[androidx.car.app:app:1.7.0] AndroidManifest.xml:32:13-69
126            android:exported="false"
126-->[androidx.car.app:app:1.7.0] AndroidManifest.xml:33:13-37
127            android:theme="@android:style/Theme.Translucent.NoTitleBar" />
127-->[androidx.car.app:app:1.7.0] AndroidManifest.xml:34:13-72
128
129        <receiver
129-->[androidx.car.app:app:1.7.0] AndroidManifest.xml:36:9-38:40
130            android:name="androidx.car.app.notification.CarAppNotificationBroadcastReceiver"
130-->[androidx.car.app:app:1.7.0] AndroidManifest.xml:37:13-93
131            android:exported="false" />
131-->[androidx.car.app:app:1.7.0] AndroidManifest.xml:38:13-37
132
133        <provider
133-->[androidx.emoji2:emoji2:1.3.0] AndroidManifest.xml:24:9-32:20
134            android:name="androidx.startup.InitializationProvider"
134-->[androidx.emoji2:emoji2:1.3.0] AndroidManifest.xml:25:13-67
135            android:authorities="com.pscholer.autoplayer.debug.androidx-startup"
135-->[androidx.emoji2:emoji2:1.3.0] AndroidManifest.xml:26:13-68
136            android:exported="false" >
136-->[androidx.emoji2:emoji2:1.3.0] AndroidManifest.xml:27:13-37
137            <meta-data
137-->[androidx.emoji2:emoji2:1.3.0] AndroidManifest.xml:29:13-31:52
138                android:name="androidx.emoji2.text.EmojiCompatInitializer"
138-->[androidx.emoji2:emoji2:1.3.0] AndroidManifest.xml:30:17-75
139                android:value="androidx.startup" />
139-->[androidx.emoji2:emoji2:1.3.0] AndroidManifest.xml:31:17-49
140            <meta-data
140-->[androidx.lifecycle:lifecycle-process:2.8.7] AndroidManifest.xml:29:13-31:52
141                android:name="androidx.lifecycle.ProcessLifecycleInitializer"
141-->[androidx.lifecycle:lifecycle-process:2.8.7] AndroidManifest.xml:30:17-78
142                android:value="androidx.startup" />
142-->[androidx.lifecycle:lifecycle-process:2.8.7] AndroidManifest.xml:31:17-49
143            <meta-data
143-->[androidx.profileinstaller:profileinstaller:1.3.1] AndroidManifest.xml:29:13-31:52
144                android:name="androidx.profileinstaller.ProfileInstallerInitializer"
144-->[androidx.profileinstaller:profileinstaller:1.3.1] AndroidManifest.xml:30:17-85
145                android:value="androidx.startup" />
145-->[androidx.profileinstaller:profileinstaller:1.3.1] AndroidManifest.xml:31:17-49
146        </provider>
147
148        <receiver
148-->[androidx.profileinstaller:profileinstaller:1.3.1] AndroidManifest.xml:34:9-52:20
149            android:name="androidx.profileinstaller.ProfileInstallReceiver"
149-->[androidx.profileinstaller:profileinstaller:1.3.1] AndroidManifest.xml:35:13-76
150            android:directBootAware="false"
150-->[androidx.profileinstaller:profileinstaller:1.3.1] AndroidManifest.xml:36:13-44
151            android:enabled="true"
151-->[androidx.profileinstaller:profileinstaller:1.3.1] AndroidManifest.xml:37:13-35
152            android:exported="true"
152-->[androidx.profileinstaller:profileinstaller:1.3.1] AndroidManifest.xml:38:13-36
153            android:permission="android.permission.DUMP" >
153-->[androidx.profileinstaller:profileinstaller:1.3.1] AndroidManifest.xml:39:13-57
154            <intent-filter>
154-->[androidx.profileinstaller:profileinstaller:1.3.1] AndroidManifest.xml:40:13-42:29
155                <action android:name="androidx.profileinstaller.action.INSTALL_PROFILE" />
155-->[androidx.profileinstaller:profileinstaller:1.3.1] AndroidManifest.xml:41:17-91
155-->[androidx.profileinstaller:profileinstaller:1.3.1] AndroidManifest.xml:41:25-88
156            </intent-filter>
157            <intent-filter>
157-->[androidx.profileinstaller:profileinstaller:1.3.1] AndroidManifest.xml:43:13-45:29
158                <action android:name="androidx.profileinstaller.action.SKIP_FILE" />
158-->[androidx.profileinstaller:profileinstaller:1.3.1] AndroidManifest.xml:44:17-85
158-->[androidx.profileinstaller:profileinstaller:1.3.1] AndroidManifest.xml:44:25-82
159            </intent-filter>
160            <intent-filter>
160-->[androidx.profileinstaller:profileinstaller:1.3.1] AndroidManifest.xml:46:13-48:29
161                <action android:name="androidx.profileinstaller.action.SAVE_PROFILE" />
161-->[androidx.profileinstaller:profileinstaller:1.3.1] AndroidManifest.xml:47:17-88
161-->[androidx.profileinstaller:profileinstaller:1.3.1] AndroidManifest.xml:47:25-85
162            </intent-filter>
163            <intent-filter>
163-->[androidx.profileinstaller:profileinstaller:1.3.1] AndroidManifest.xml:49:13-51:29
164                <action android:name="androidx.profileinstaller.action.BENCHMARK_OPERATION" />
164-->[androidx.profileinstaller:profileinstaller:1.3.1] AndroidManifest.xml:50:17-95
164-->[androidx.profileinstaller:profileinstaller:1.3.1] AndroidManifest.xml:50:25-92
165            </intent-filter>
166        </receiver>
167    </application>
168
169</manifest>